#
# A fatal error has been detected by the Java Runtime Environment:
#
#  Internal Error (javaClasses.cpp:129), pid=6304, tid=3060534080
#  fatal error: Invalid layout of preloaded class
#
# JRE version: 7.0_25-b30
# Java VM: OpenJDK Server VM (23.7-b01 mixed mode linux-x86 )
# Failed to write core dump. Core dumps have been disabled. To enable core dumping, try "ulimit -c unlimited" before starting Java again
#
# If you would like to submit a bug report, please include
# instructions on how to reproduce the bug and visit:
#   https://bugs.launchpad.net/ubuntu/+source/openjdk-7/
#

---------------  T H R E A D  ---------------

Current thread (0xb6506800):  JavaThread "Unknown thread" [_thread_in_vm, id=6311, stack(0xb6670000,0xb66c1000)]

Stack: [0xb6670000,0xb66c1000]

[error occurred during error reporting (printing native stack), id 0xb]


---------------  P R O C E S S  ---------------

Java Threads: ( => current thread )

Other Threads:

=>0xb6506800 (exited) JavaThread "Unknown thread" [_thread_in_vm, id=6311, stack(0xb6670000,0xb66c1000)]

VM state:not at safepoint (not fully initialized)

VM Mutex/Monitor currently owned by a thread: None

GC Heap History (0 events):
No events

Deoptimization events (0 events):
No events

Internal exceptions (0 events):
No events

Events (10 events):
Event: 0.245 loading class 0xb65317a8 done
Event: 0.245 loading class 0xb65310e8 done
Event: 0.245 loading class 0xb65310c0
Event: 0.245 loading class 0xb6550e70
Event: 0.245 loading class 0xb6550e70 done
Event: 0.245 loading class 0xb6550ea8
Event: 0.245 loading class 0xb6550ea8 done
Event: 0.245 loading class 0xb6550ee0
Event: 0.245 loading class 0xb6550ee0 done
Event: 0.246 loading class 0xb65310c0 done


Dynamic libraries:
08048000-08049000 r-xp 00000000 08:01 2636040    /usr/lib/jvm/java-7-openjdk-i386/jre/bin/java
08049000-0804a000 r--p 00000000 08:01 2636040    /usr/lib/jvm/java-7-openjdk-i386/jre/bin/java
0804a000-0804b000 rw-p 00001000 08:01 2636040    /usr/lib/jvm/java-7-openjdk-i386/jre/bin/java
08f42000-08f63000 rw-p 00000000 00:00 0          [heap]
892db000-892fe000 rw-p 00000000 00:00 0 
892fe000-893c0000 r--s 010c7000 08:05 136009     /home/mati/android-sdks/platforms/android-16/android.jar
893c0000-8ae00000 rw-p 00000000 00:00 0 
8ae00000-8ae21000 rw-p 00000000 00:00 0 
8ae21000-8af00000 ---p 00000000 00:00 0 
8af7f000-8af80000 ---p 00000000 00:00 0 
8af80000-8b000000 rw-p 00000000 00:00 0 
8b000000-8b021000 rw-p 00000000 00:00 0 
8b021000-8b100000 ---p 00000000 00:00 0 
8b173000-8b174000 ---p 00000000 00:00 0 
8b174000-8b1fc000 rw-p 00000000 00:00 0 
8b1fc000-8b234000 rw-p 00000000 00:00 0 
8b234000-8b23e000 rw-p 00000000 00:00 0 
8b23e000-8b2df000 rw-p 00000000 00:00 0 
8b2df000-8b2e7000 rw-p 00000000 00:00 0 
8b2e7000-8b31f000 rw-p 00000000 00:00 0 
8b31f000-8b329000 rw-p 00000000 00:00 0 
8b329000-8b3c9000 rw-p 00000000 00:00 0 
8b3c9000-8b3cf000 rw-p 00000000 00:00 0 
8b3cf000-8b41f000 rw-p 00000000 00:00 0 
8b41f000-8c420000 rw-p 00000000 00:00 0 
8c420000-93420000 rw-p 00000000 00:00 0 
93420000-947d0000 rw-p 00000000 00:00 0 
947d0000-a8980000 rw-p 00000000 00:00 0 
a8980000-a9350000 rw-p 00000000 00:00 0 
a9350000-b3420000 rw-p 00000000 00:00 0 
b3427000-b3430000 rw-p 00000000 00:00 0 
b3430000-b34e7000 rw-p 00000000 00:00 0 
b34e7000-b3727000 rwxp 00000000 00:00 0 
b3727000-b64e7000 rw-p 00000000 00:00 0 
b64e7000-b64f2000 r-xp 00000000 08:01 1966215    /lib/i386-linux-gnu/libnss_files-2.15.so
b64f2000-b64f3000 r--p 0000a000 08:01 1966215    /lib/i386-linux-gnu/libnss_files-2.15.so
b64f3000-b64f4000 rw-p 0000b000 08:01 1966215    /lib/i386-linux-gnu/libnss_files-2.15.so
b64f4000-b64fe000 r-xp 00000000 08:01 1967166    /lib/i386-linux-gnu/libnss_nis-2.15.so
b64fe000-b64ff000 r--p 00009000 08:01 1967166    /lib/i386-linux-gnu/libnss_nis-2.15.so
b64ff000-b6500000 rw-p 0000a000 08:01 1967166    /lib/i386-linux-gnu/libnss_nis-2.15.so
b6500000-b6553000 rw-p 00000000 00:00 0 
b6553000-b6600000 ---p 00000000 00:00 0 
b6609000-b661f000 r-xp 00000000 08:01 1970169    /lib/i386-linux-gnu/libnsl-2.15.so
b661f000-b6620000 r--p 00015000 08:01 1970169    /lib/i386-linux-gnu/libnsl-2.15.so
b6620000-b6621000 rw-p 00016000 08:01 1970169    /lib/i386-linux-gnu/libnsl-2.15.so
b6621000-b6623000 rw-p 00000000 00:00 0 
b6623000-b662a000 r-xp 00000000 08:01 1966211    /lib/i386-linux-gnu/libnss_compat-2.15.so
b662a000-b662b000 r--p 00006000 08:01 1966211    /lib/i386-linux-gnu/libnss_compat-2.15.so
b662b000-b662c000 rw-p 00007000 08:01 1966211    /lib/i386-linux-gnu/libnss_compat-2.15.so
b662c000-b6634000 r-xp 00000000 08:01 663631     /usr/lib/jvm/java-7-openjdk-i386/jre/lib/i386/libzip.so
b6634000-b6635000 r--p 00007000 08:01 663631     /usr/lib/jvm/java-7-openjdk-i386/jre/lib/i386/libzip.so
b6635000-b6636000 rw-p 00008000 08:01 663631     /usr/lib/jvm/java-7-openjdk-i386/jre/lib/i386/libzip.so
b6636000-b663e000 rw-s 00000000 08:01 2359354    /tmp/hsperfdata_mati/6304
b663e000-b6665000 r-xp 00000000 08:01 663615     /usr/lib/jvm/java-7-openjdk-i386/jre/lib/i386/libjava.so
b6665000-b6666000 r--p 00026000 08:01 663615     /usr/lib/jvm/java-7-openjdk-i386/jre/lib/i386/libjava.so
b6666000-b6667000 rw-p 00027000 08:01 663615     /usr/lib/jvm/java-7-openjdk-i386/jre/lib/i386/libjava.so
b6667000-b666e000 r-xp 00000000 08:01 1967165    /lib/i386-linux-gnu/librt-2.15.so
b666e000-b666f000 r--p 00006000 08:01 1967165    /lib/i386-linux-gnu/librt-2.15.so
b666f000-b6670000 rw-p 00007000 08:01 1967165    /lib/i386-linux-gnu/librt-2.15.so
b6670000-b6673000 ---p 00000000 00:00 0 
b6673000-b66c1000 rw-p 00000000 00:00 0 
b66c1000-b66dd000 r-xp 00000000 08:01 1967028    /lib/i386-linux-gnu/libgcc_s.so.1
b66dd000-b66de000 r--p 0001b000 08:01 1967028    /lib/i386-linux-gnu/libgcc_s.so.1
b66de000-b66df000 rw-p 0001c000 08:01 1967028    /lib/i386-linux-gnu/libgcc_s.so.1
b66df000-b6709000 r-xp 00000000 08:01 1970010    /lib/i386-linux-gnu/libm-2.15.so
b6709000-b670a000 r--p 00029000 08:01 1970010    /lib/i386-linux-gnu/libm-2.15.so
b670a000-b670b000 rw-p 0002a000 08:01 1970010    /lib/i386-linux-gnu/libm-2.15.so
b670b000-b67e3000 r-xp 00000000 08:01 2495468    /usr/lib/i386-linux-gnu/libstdc++.so.6.0.16
b67e3000-b67e4000 ---p 000d8000 08:01 2495468    /usr/lib/i386-linux-gnu/libstdc++.so.6.0.16
b67e4000-b67e8000 r--p 000d8000 08:01 2495468    /usr/lib/i386-linux-gnu/libstdc++.so.6.0.16
b67e8000-b67e9000 rw-p 000dc000 08:01 2495468    /usr/lib/i386-linux-gnu/libstdc++.so.6.0.16
b67e9000-b67f0000 rw-p 00000000 00:00 0 
b67f0000-b70d5000 r-xp 00000000 08:01 807071     /usr/lib/jvm/java-7-openjdk-i386/jre/lib/i386/server/libjvm.so
b70d5000-b711c000 r--p 008e5000 08:01 807071     /usr/lib/jvm/java-7-openjdk-i386/jre/lib/i386/server/libjvm.so
b711c000-b7130000 rw-p 0092c000 08:01 807071     /usr/lib/jvm/java-7-openjdk-i386/jre/lib/i386/server/libjvm.so
b7130000-b754e000 rw-p 00000000 00:00 0 
b754e000-b7562000 r-xp 00000000 08:01 1967118    /lib/i386-linux-gnu/libz.so.1.2.3.4
b7562000-b7563000 r--p 00013000 08:01 1967118    /lib/i386-linux-gnu/libz.so.1.2.3.4
b7563000-b7564000 rw-p 00014000 08:01 1967118    /lib/i386-linux-gnu/libz.so.1.2.3.4
b7564000-b757b000 r-xp 00000000 08:01 1967167    /lib/i386-linux-gnu/libpthread-2.15.so
b757b000-b757c000 r--p 00016000 08:01 1967167    /lib/i386-linux-gnu/libpthread-2.15.so
b757c000-b757d000 rw-p 00017000 08:01 1967167    /lib/i386-linux-gnu/libpthread-2.15.so
b757d000-b757f000 rw-p 00000000 00:00 0 
b757f000-b7582000 r-xp 00000000 08:01 1970015    /lib/i386-linux-gnu/libdl-2.15.so
b7582000-b7583000 r--p 00002000 08:01 1970015    /lib/i386-linux-gnu/libdl-2.15.so
b7583000-b7584000 rw-p 00003000 08:01 1970015    /lib/i386-linux-gnu/libdl-2.15.so
b7584000-b7727000 r-xp 00000000 08:01 1966145    /lib/i386-linux-gnu/libc-2.15.so
b7727000-b7729000 r--p 001a3000 08:01 1966145    /lib/i386-linux-gnu/libc-2.15.so
b7729000-b772a000 rw-p 001a5000 08:01 1966145    /lib/i386-linux-gnu/libc-2.15.so
b772a000-b772d000 rw-p 00000000 00:00 0 
b772f000-b7730000 rw-p 00000000 00:00 0 
b7730000-b7731000 r--p 00000000 00:00 0 
b7731000-b773d000 r-xp 00000000 08:01 663624     /usr/lib/jvm/java-7-openjdk-i386/jre/lib/i386/libverify.so
b773d000-b773e000 r--p 0000b000 08:01 663624     /usr/lib/jvm/java-7-openjdk-i386/jre/lib/i386/libverify.so
b773e000-b773f000 rw-p 0000c000 08:01 663624     /usr/lib/jvm/java-7-openjdk-i386/jre/lib/i386/libverify.so
b773f000-b774c000 r-xp 00000000 08:01 807074     /usr/lib/jvm/java-7-openjdk-i386/jre/lib/i386/jli/libjli.so
b774c000-b774d000 r--p 0000c000 08:01 807074     /usr/lib/jvm/java-7-openjdk-i386/jre/lib/i386/jli/libjli.so
b774d000-b774e000 rw-p 0000d000 08:01 807074     /usr/lib/jvm/java-7-openjdk-i386/jre/lib/i386/jli/libjli.so
b774e000-b7751000 rw-p 00000000 00:00 0 
b7751000-b7752000 r-xp 00000000 00:00 0          [vdso]
b7752000-b7772000 r-xp 00000000 08:01 1970011    /lib/i386-linux-gnu/ld-2.15.so
b7772000-b7773000 r--p 0001f000 08:01 1970011    /lib/i386-linux-gnu/ld-2.15.so
b7773000-b7774000 rw-p 00020000 08:01 1970011    /lib/i386-linux-gnu/ld-2.15.so
bf96b000-bf98c000 rw-p 00000000 00:00 0          [stack]

VM Arguments:
jvm_args: -Dfile.encoding=UTF-8 -Xbootclasspath:/home/mati/android-sdks/platforms/android-16/android.jar 
java_command: serpis.psp.TcpClient prueba.txt
Launcher Type: SUN_STANDARD

Environment Variables:
PATH=/usr/lib/lightdm/lightdm:/usr/local/sbin:/usr/local/bin:/usr/sbin:/usr/bin:/sbin:/bin:/usr/games
LD_LIBRARY_PATH=/usr/lib/jvm/java-7-openjdk-i386/jre/lib/i386/server:/usr/lib/jvm/java-7-openjdk-i386/jre/lib/i386:/usr/lib/jvm/java-7-openjdk-i386/jre/../lib/i386:/usr/lib/jvm/java-6-openjdk-i386/jre/lib/i386/client:/usr/lib/jvm/java-6-openjdk-i386/jre/lib/i386:
SHELL=/bin/bash
DISPLAY=:0

Signal Handlers:
SIGSEGV: [libjvm.so+0x756900], sa_mask[0]=0x7ffbfeff, sa_flags=0x10000004
SIGBUS: [libjvm.so+0x756900], sa_mask[0]=0x7ffbfeff, sa_flags=0x10000004
SIGFPE: [libjvm.so+0x5eb350], sa_mask[0]=0x7ffbfeff, sa_flags=0x10000004
SIGPIPE: [libjvm.so+0x5eb350], sa_mask[0]=0x7ffbfeff, sa_flags=0x10000004
SIGXFSZ: [libjvm.so+0x5eb350], sa_mask[0]=0x7ffbfeff, sa_flags=0x10000004
SIGILL: [libjvm.so+0x5eb350], sa_mask[0]=0x7ffbfeff, sa_flags=0x10000004
SIGUSR1: SIG_DFL, sa_mask[0]=0x00000000, sa_flags=0x00000000
SIGUSR2: [libjvm.so+0x5eb1e0], sa_mask[0]=0x00000004, sa_flags=0x10000004
SIGHUP: SIG_DFL, sa_mask[0]=0x00000000, sa_flags=0x00000000
SIGINT: SIG_DFL, sa_mask[0]=0x00000000, sa_flags=0x00000000
SIGTERM: SIG_DFL, sa_mask[0]=0x00000000, sa_flags=0x00000000
SIGQUIT: SIG_DFL, sa_mask[0]=0x00000000, sa_flags=0x00000000


---------------  S Y S T E M  ---------------

OS:Ubuntu 12.04 (precise)
uname:Linux 3.2.0-53-generic-pae #81-Ubuntu SMP Thu Aug 22 21:23:47 UTC 2013 i686
libc:glibc 2.15 NPTL 2.15 
rlimit: STACK 8192k, CORE 0k, NPROC 14975, NOFILE 4096, AS infinity
load average:0.25 0.21 0.27

/proc/meminfo:
MemTotal:        1931464 kB
MemFree:          132784 kB
Buffers:           38808 kB
Cached:           442724 kB
SwapCached:         6256 kB
Active:           746516 kB
Inactive:         801836 kB
Active(anon):     540760 kB
Inactive(anon):   540104 kB
Active(file):     205756 kB
Inactive(file):   261732 kB
Unevictable:           0 kB
Mlocked:               0 kB
HighTotal:       1052296 kB
HighFree:          22104 kB
LowTotal:         879168 kB
LowFree:          110680 kB
SwapTotal:       4880380 kB
SwapFree:        4829144 kB
Dirty:                32 kB
Writeback:             0 kB
AnonPages:       1061184 kB
Mapped:           123164 kB
Shmem:             13944 kB
Slab:              39608 kB
SReclaimable:      22732 kB
SUnreclaim:        16876 kB
KernelStack:        3936 kB
PageTables:        10572 kB
NFS_Unstable:          0 kB
Bounce:                0 kB
WritebackTmp:          0 kB
CommitLimit:     5846112 kB
Committed_AS:    6440068 kB
VmallocTotal:     122880 kB
VmallocUsed:       35984 kB
VmallocChunk:      64888 kB
HardwareCorrupted:     0 kB
AnonHugePages:         0 kB
HugePages_Total:       0
HugePages_Free:        0
HugePages_Rsvd:        0
HugePages_Surp:        0
Hugepagesize:       2048 kB
DirectMap4k:      233464 kB
DirectMap2M:      679936 kB


CPU:total 2 (2 cores per cpu, 1 threads per core) family 15 model 107 stepping 2, cmov, cx8, fxsr, mmx, sse, sse2, sse3, mmxext, 3dnowpref, tsc

/proc/cpuinfo:
processor	: 0
vendor_id	: AuthenticAMD
cpu family	: 15
model		: 107
model name	: AMD Athlon(tm) 64 X2 Dual Core Processor 5600+
stepping	: 2
cpu MHz		: 2900.252
cache size	: 512 KB
physical id	: 0
siblings	: 2
core id		: 0
cpu cores	: 2
apicid		: 0
initial apicid	: 0
fdiv_bug	: no
hlt_bug		: no
f00f_bug	: no
coma_bug	: no
fpu		: yes
fpu_exception	: yes
cpuid level	: 1
wp		: yes
flags		: fpu vme de pse tsc msr pae mce cx8 apic sep mtrr pge mca cmov pat pse36 clflush mmx fxsr sse sse2 ht syscall nx mmxext fxsr_opt rdtscp lm 3dnowext 3dnow extd_apicid pni cx16 lahf_lm cmp_legacy svm extapic cr8_legacy 3dnowprefetch lbrv
bogomips	: 5800.50
clflush size	: 64
cache_alignment	: 64
address sizes	: 40 bits physical, 48 bits virtual
power management: ts fid vid ttp tm stc 100mhzsteps

processor	: 1
vendor_id	: AuthenticAMD
cpu family	: 15
model		: 107
model name	: AMD Athlon(tm) 64 X2 Dual Core Processor 5600+
stepping	: 2
cpu MHz		: 2900.252
cache size	: 512 KB
physical id	: 0
siblings	: 2
core id		: 1
cpu cores	: 2
apicid		: 1
initial apicid	: 1
fdiv_bug	: no
hlt_bug		: no
f00f_bug	: no
coma_bug	: no
fpu		: yes
fpu_exception	: yes
cpuid level	: 1
wp		: yes
flags		: fpu vme de pse tsc msr pae mce cx8 apic sep mtrr pge mca cmov pat pse36 clflush mmx fxsr sse sse2 ht syscall nx mmxext fxsr_opt rdtscp lm 3dnowext 3dnow extd_apicid pni cx16 lahf_lm cmp_legacy svm extapic cr8_legacy 3dnowprefetch lbrv
bogomips	: 5800.60
clflush size	: 64
cache_alignment	: 64
address sizes	: 40 bits physical, 48 bits virtual
power management: ts fid vid ttp tm stc 100mhzsteps



Memory: 4k page, physical 1931464k(132784k free), swap 4880380k(4829144k free)

vm_info: OpenJDK Server VM (23.7-b01) for linux-x86 JRE (1.7.0_25-b30), built on Jul 15 2013 20:45:25 by "buildd" with gcc 4.6.3

time: Tue Jan 21 14:01:31 2014
elapsed time: 0 seconds

